<?xml version="1.0" encoding="UTF-8"?>
<!-- Generated by org.testng.reporters.JUnitReportReporter -->
<testsuite hostname="LAPTOP-250JG13J" failures="0" tests="2" name="day20.DDT.GoogleApplicationWithBeforeAfterTest" time="2.914" errors="0" timestamp="2025-05-01T13:36:19 IST" skipped="0">
  <testcase classname="day20.DDT.GoogleApplicationWithBeforeAfterTest" name="testGoogleLandingPage" time="0.026"/>
  <testcase classname="day20.DDT.GoogleApplicationWithBeforeAfterTest" name="testSearch" time="2.888"/>
</testsuite> <!-- day20.DDT.GoogleApplicationWithBeforeAfterTest -->
