<?xml version="1.0" encoding="UTF-8"?>
<!-- Generated by org.testng.reporters.JUnitReportReporter -->
<testsuite hostname="LAPTOP-250JG13J" failures="0" tests="3" name="day19.TestNG.Example2" time="0.012" errors="0" timestamp="2025-04-26T18:46:10 IST" skipped="0">
  <testcase classname="day19.TestNG.Example2" name="TC2" time="0.005"/>
  <testcase classname="day19.TestNG.Example2" name="TC1" time="0.003"/>
  <testcase classname="day19.TestNG.Example2" name="TC3" time="0.004"/>
</testsuite> <!-- day19.TestNG.Example2 -->
