<?xml version="1.0" encoding="UTF-8"?>
<!-- Generated by org.testng.reporters.JUnitReportReporter -->
<testsuite hostname="LAPTOP-250JG13J" failures="0" tests="1" name="day19.TestNG.Example1" time="0.004" errors="0" timestamp="2025-04-26T18:46:10 IST" skipped="0">
  <testcase classname="day19.TestNG.Example1" name="TC1" time="0.004"/>
</testsuite> <!-- day19.TestNG.Example1 -->
