<?xml version="1.0" encoding="UTF-8"?>
<!-- Generated by org.testng.reporters.JUnitReportReporter -->
<testsuite hostname="LAPTOP-250JG13J" failures="0" tests="3" name="day18.Switching_TestNG.Example2" time="0.010" errors="0" timestamp="2025-04-24T01:44:08 IST" skipped="0">
  <testcase classname="day18.Switching_TestNG.Example2" name="TC2" time="0.002"/>
  <testcase classname="day18.Switching_TestNG.Example2" name="TC3" time="0.001"/>
  <testcase classname="day18.Switching_TestNG.Example2" name="TC1" time="0.007"/>
</testsuite> <!-- day18.Switching_TestNG.Example2 -->
