<?xml version="1.0" encoding="UTF-8"?>
<!-- Generated by org.testng.reporters.JUnitReportReporter -->
<testsuite hostname="LAPTOP-250JG13J" failures="0" tests="2" name="day20.DDT.GoogleApplicationWithBeforeAfterMethod" time="11.547" errors="0" timestamp="2025-05-01T13:34:28 IST" skipped="0">
  <testcase classname="day20.DDT.GoogleApplicationWithBeforeAfterMethod" name="testGoggleLandingPage" time="4.492"/>
  <testcase classname="day20.DDT.GoogleApplicationWithBeforeAfterMethod" name="testSearch" time="7.055"/>
</testsuite> <!-- day20.DDT.GoogleApplicationWithBeforeAfterMethod -->
