<?xml version="1.0" encoding="UTF-8"?>
<!-- Generated by org.testng.reporters.JUnitReportReporter -->
<testsuite hostname="LAPTOP-250JG13J" failures="0" tests="4" name="day20.DDT.ClassLabelAnnotations" time="0.018" errors="0" timestamp="2025-05-01T12:41:00 IST" skipped="0">
  <testcase classname="day20.DDT.ClassLabelAnnotations" name="testCase4" time="0.002"/>
  <testcase classname="day20.DDT.ClassLabelAnnotations" name="testCase3" time="0.003"/>
  <testcase classname="day20.DDT.ClassLabelAnnotations" name="testCase1" time="0.012"/>
  <testcase classname="day20.DDT.ClassLabelAnnotations" name="testCase2" time="0.001"/>
</testsuite> <!-- day20.DDT.ClassLabelAnnotations -->
