<?xml version="1.0" encoding="UTF-8"?>
<!-- Generated by org.testng.reporters.JUnitReportReporter -->
<testsuite hostname="LAPTOP-250JG13J" failures="0" tests="5" name="day19.TestNG.Example3" time="1.037" errors="0" timestamp="2025-04-26T18:46:10 IST" skipped="1">
  <testcase classname="day19.TestNG.Example3" name="testLoginOrangeHrm" time="1.022"/>
  <testcase classname="day19.TestNG.Example3" name="testPIMUpdateOrangeHrm" time="0.006"/>
  <testcase classname="day19.TestNG.Example3" name="testPIMDeleteOrangeHrm" time="0.003"/>
  <testcase classname="day19.TestNG.Example3" name="testLogoutOrangeHrm" time="0.006"/>
  <testcase classname="day19.TestNG.Example3" name="testPIMCreationOrangeHrm">
    <skipped/>
  </testcase> <!-- testPIMCreationOrangeHrm -->
</testsuite> <!-- day19.TestNG.Example3 -->
