<?xml version="1.0" encoding="UTF-8"?>
<!-- Generated by org.testng.reporters.JUnitReportReporter -->
<testsuite hostname="LAPTOP-250JG13J" failures="0" tests="2" name="day19.TestNG.Example5" time="0.013" errors="0" timestamp="2025-05-03T16:14:37 IST" skipped="0">
  <testcase classname="day19.TestNG.Example5" name="testActitime" time="0.009"/>
  <testcase classname="day19.TestNG.Example5" name="testOrangeHrm" time="0.004"/>
</testsuite> <!-- day19.TestNG.Example5 -->
