<?xml version="1.0" encoding="UTF-8"?>
<!-- Generated by org.testng.reporters.JUnitReportReporter -->
<testsuite hostname="LAPTOP-250JG13J" failures="0" tests="1" name="day20.DDT.ExampleWithBeforeAfterSuite" time="0.009" errors="0" timestamp="2025-05-01T12:44:21 IST" skipped="0">
  <testcase classname="day20.DDT.ExampleWithBeforeAfterSuite" name="testCase1" time="0.009"/>
</testsuite> <!-- day20.DDT.ExampleWithBeforeAfterSuite -->
